<?xml version="1.0" encoding="UTF-8"?>
<robot generator="Robot 7.3.2 (Python 3.13.1 on win32)" generated="2025-10-26T22:48:03.498348" rpa="false" schemaversion="5">
<suite id="s1" name="Demoblaze E2E" source="c:\KSS_Github_Personal\RobotFramwork_Seleniumbased_Project\tests\demoblaze_e2e.robot">
<test id="s1-t1" name="End-to-End User Journey" line="109">
<kw name="Open Chrome With CI Options">
<kw name="Evaluate" owner="BuiltIn">
<msg time="2025-10-26T22:48:03.836733" level="INFO">${options} = &lt;selenium.webdriver.chrome.options.Options object at 0x000001D11C17F230&gt;</msg>
<var>${options}</var>
<arg>sys.modules['selenium.webdriver'].ChromeOptions()</arg>
<arg>sys, selenium.webdriver</arg>
<doc>Evaluates the given expression in Python and returns the result.</doc>
<status status="PASS" start="2025-10-26T22:48:03.836310" elapsed="0.002394"/>
</kw>
<kw name="Call Method" owner="BuiltIn">
<arg>${options}</arg>
<arg>add_argument</arg>
<arg>--no-sandbox</arg>
<doc>Calls the named method of the given object with the provided arguments.</doc>
<status status="PASS" start="2025-10-26T22:48:03.838958" elapsed="0.000257"/>
</kw>
<kw name="Call Method" owner="BuiltIn">
<arg>${options}</arg>
<arg>add_argument</arg>
<arg>--disable-dev-shm-usage</arg>
<doc>Calls the named method of the given object with the provided arguments.</doc>
<status status="PASS" start="2025-10-26T22:48:03.839377" elapsed="0.000185"/>
</kw>
<kw name="Call Method" owner="BuiltIn">
<arg>${options}</arg>
<arg>add_argument</arg>
<arg>--headless</arg>
<doc>Calls the named method of the given object with the provided arguments.</doc>
<status status="PASS" start="2025-10-26T22:48:03.839705" elapsed="0.000178"/>
</kw>
<kw name="Call Method" owner="BuiltIn">
<arg>${options}</arg>
<arg>add_argument</arg>
<arg>--disable-gpu</arg>
<doc>Calls the named method of the given object with the provided arguments.</doc>
<status status="PASS" start="2025-10-26T22:48:03.840010" elapsed="0.000165"/>
</kw>
<kw name="Evaluate" owner="BuiltIn">
<msg time="2025-10-26T22:48:03.918131" level="INFO">====== WebDriver manager ======</msg>
<msg time="2025-10-26T22:48:05.279621" level="INFO">Get LATEST chromedriver version for google-chrome</msg>
<msg time="2025-10-26T22:48:05.535418" level="FAIL">Evaluating expression "sys.modules['webdriver_manager.chrome'].ChromeDriverManager().install()" failed: ConnectionError: Could not reach host. Are you offline?</msg>
<var>${driver_path}</var>
<arg>sys.modules['webdriver_manager.chrome'].ChromeDriverManager().install()</arg>
<arg>sys, webdriver_manager.chrome</arg>
<doc>Evaluates the given expression in Python and returns the result.</doc>
<status status="FAIL" start="2025-10-26T22:48:03.840306" elapsed="1.696161">Evaluating expression "sys.modules['webdriver_manager.chrome'].ChromeDriverManager().install()" failed: ConnectionError: Could not reach host. Are you offline?</status>
</kw>
<kw name="Create Webdriver" owner="SeleniumLibrary">
<arg>Chrome</arg>
<arg>executable_path=${driver_path}</arg>
<arg>options=${options}</arg>
<doc>Creates an instance of Selenium WebDriver.</doc>
<status status="NOT RUN" start="2025-10-26T22:48:05.536831" elapsed="0.000141"/>
</kw>
<kw name="Go To" owner="SeleniumLibrary">
<arg>https://www.demoblaze.com/</arg>
<doc>Navigates the current browser window to the provided ``url``.</doc>
<status status="NOT RUN" start="2025-10-26T22:48:05.537121" elapsed="0.000077"/>
</kw>
<status status="FAIL" start="2025-10-26T22:48:03.835548" elapsed="1.701802">Evaluating expression "sys.modules['webdriver_manager.chrome'].ChromeDriverManager().install()" failed: ConnectionError: Could not reach host. Are you offline?</status>
</kw>
<kw name="Maximize Browser Window" owner="SeleniumLibrary">
<doc>Maximizes current browser window.</doc>
<status status="NOT RUN" start="2025-10-26T22:48:05.537764" elapsed="0.000111"/>
</kw>
<kw name="Set Selenium Timeout" owner="SeleniumLibrary">
<arg>${TIMEOUT}</arg>
<doc>Sets the timeout that is used by various keywords.</doc>
<status status="NOT RUN" start="2025-10-26T22:48:05.538172" elapsed="0.000116"/>
</kw>
<kw name="Generate Unique Credentials">
<var>${u}</var>
<var>${p}</var>
<status status="NOT RUN" start="2025-10-26T22:48:05.538671" elapsed="0.000112"/>
</kw>
<kw name="Log To Console" owner="BuiltIn">
<arg>Using credentials: ${u} / ${p}</arg>
<doc>Logs the given message to the console.</doc>
<status status="NOT RUN" start="2025-10-26T22:48:05.539067" elapsed="0.000086"/>
</kw>
<kw name="Sign Up">
<arg>${u}</arg>
<arg>${p}</arg>
<status status="NOT RUN" start="2025-10-26T22:48:05.539584" elapsed="0.000108"/>
</kw>
<kw name="Login">
<arg>${u}</arg>
<arg>${p}</arg>
<status status="NOT RUN" start="2025-10-26T22:48:05.540204" elapsed="0.000179"/>
</kw>
<kw name="Add Product To Cart">
<arg>Sony vaio i5</arg>
<status status="NOT RUN" start="2025-10-26T22:48:05.540821" elapsed="0.000103"/>
</kw>
<kw name="Place Order">
<status status="NOT RUN" start="2025-10-26T22:48:05.541278" elapsed="0.000099"/>
</kw>
<kw name="Logout">
<status status="NOT RUN" start="2025-10-26T22:48:05.541874" elapsed="0.000090"/>
</kw>
<kw name="Close Browser" owner="SeleniumLibrary">
<doc>Closes the current browser.</doc>
<status status="NOT RUN" start="2025-10-26T22:48:05.542328" elapsed="0.000095"/>
</kw>
<status status="FAIL" start="2025-10-26T22:48:03.834766" elapsed="1.708076">Evaluating expression "sys.modules['webdriver_manager.chrome'].ChromeDriverManager().install()" failed: ConnectionError: Could not reach host. Are you offline?</status>
</test>
<status status="FAIL" start="2025-10-26T22:48:03.505031" elapsed="2.039139"/>
</suite>
<statistics>
<total>
<stat pass="0" fail="1" skip="0">All Tests</stat>
</total>
<tag>
</tag>
<suite>
<stat name="Demoblaze E2E" id="s1" pass="0" fail="1" skip="0">Demoblaze E2E</stat>
</suite>
</statistics>
<errors>
<msg time="2025-10-26T22:48:03.475343" level="WARN">Error in file 'c:\KSS_Github_Personal\RobotFramwork_Seleniumbased_Project\tests\demoblaze_e2e.robot' on line 24: The '[Return]' setting is deprecated. Use the 'RETURN' statement instead.</msg>
</errors>
</robot>
