<?xml version="1.0" encoding="UTF-8"?>
<robot generator="Robot 7.3.2 (Python 3.13.1 on win32)" generated="2025-10-26T23:12:45.811546" rpa="false" schemaversion="5">
<suite id="s1" name="Demoblaze E2E" source="c:\KSS_Github_Personal\RobotFramwork_Seleniumbased_Project\tests\demoblaze_e2e.robot">
<test id="s1-t1" name="End-to-End User Journey" line="111">
<kw name="Open Chrome With CI Options">
<kw name="Evaluate" owner="BuiltIn">
<msg time="2025-10-26T23:12:46.135452" level="INFO">${options} = &lt;selenium.webdriver.chrome.options.Options object at 0x000002C5D5BC7230&gt;</msg>
<var>${options}</var>
<arg>sys.modules['selenium.webdriver'].ChromeOptions()</arg>
<arg>sys, selenium.webdriver</arg>
<doc>Evaluates the given expression in Python and returns the result.</doc>
<status status="PASS" start="2025-10-26T23:12:46.135039" elapsed="0.002552"/>
</kw>
<kw name="Call Method" owner="BuiltIn">
<arg>${options}</arg>
<arg>add_argument</arg>
<arg>--no-sandbox</arg>
<doc>Calls the named method of the given object with the provided arguments.</doc>
<status status="PASS" start="2025-10-26T23:12:46.137866" elapsed="0.000266"/>
</kw>
<kw name="Call Method" owner="BuiltIn">
<arg>${options}</arg>
<arg>add_argument</arg>
<arg>--disable-dev-shm-usage</arg>
<doc>Calls the named method of the given object with the provided arguments.</doc>
<status status="PASS" start="2025-10-26T23:12:46.138297" elapsed="0.000183"/>
</kw>
<kw name="Call Method" owner="BuiltIn">
<arg>${options}</arg>
<arg>add_argument</arg>
<arg>--headless</arg>
<doc>Calls the named method of the given object with the provided arguments.</doc>
<status status="PASS" start="2025-10-26T23:12:46.138611" elapsed="0.000169"/>
</kw>
<kw name="Call Method" owner="BuiltIn">
<arg>${options}</arg>
<arg>add_argument</arg>
<arg>--disable-gpu</arg>
<doc>Calls the named method of the given object with the provided arguments.</doc>
<status status="PASS" start="2025-10-26T23:12:46.138906" elapsed="0.000159"/>
</kw>
<kw name="Create Webdriver" owner="SeleniumLibrary">
<msg time="2025-10-26T23:12:46.139432" level="INFO">Creating an instance of the Chrome WebDriver.</msg>
<arg>Chrome</arg>
<arg>options=${options}</arg>
<doc>Creates an instance of Selenium WebDriver.</doc>
<status status="PASS" start="2025-10-26T23:12:46.139197" elapsed="1.341963"/>
</kw>
<kw name="Go To" owner="SeleniumLibrary">
<msg time="2025-10-26T23:12:47.481623" level="INFO">Opening url 'https://www.demoblaze.com/'</msg>
<arg>https://www.demoblaze.com/</arg>
<doc>Navigates the current browser window to the provided ``url``.</doc>
<status status="PASS" start="2025-10-26T23:12:47.481419" elapsed="0.760961"/>
</kw>
<status status="PASS" start="2025-10-26T23:12:46.134273" elapsed="2.108338"/>
</kw>
<kw name="Maximize Browser Window" owner="SeleniumLibrary">
<doc>Maximizes current browser window.</doc>
<status status="PASS" start="2025-10-26T23:12:48.243112" elapsed="0.029688"/>
</kw>
<kw name="Set Selenium Timeout" owner="SeleniumLibrary">
<arg>${TIMEOUT}</arg>
<doc>Sets the timeout that is used by various keywords.</doc>
<status status="PASS" start="2025-10-26T23:12:48.273254" elapsed="0.001442"/>
</kw>
<kw name="Generate Unique Credentials">
<kw name="Generate Random String" owner="String">
<msg time="2025-10-26T23:12:48.275960" level="INFO">${rand} = UJvCqGVp</msg>
<var>${rand}</var>
<arg>8</arg>
<arg>[LETTERS]</arg>
<doc>Generates a string with a desired ``length`` from the given ``chars``.</doc>
<status status="PASS" start="2025-10-26T23:12:48.275596" elapsed="0.000507"/>
</kw>
<kw name="Set Variable" owner="BuiltIn">
<msg time="2025-10-26T23:12:48.276532" level="INFO">${username} = testuserUJvCqGVp</msg>
<var>${username}</var>
<arg>testuser${rand}</arg>
<doc>Returns the given values which can then be assigned to a variables.</doc>
<status status="PASS" start="2025-10-26T23:12:48.276284" elapsed="0.000347"/>
</kw>
<kw name="Set Variable" owner="BuiltIn">
<msg time="2025-10-26T23:12:48.277107" level="INFO">${password} = testpassUJvCqGVp</msg>
<var>${password}</var>
<arg>testpass${rand}</arg>
<doc>Returns the given values which can then be assigned to a variables.</doc>
<status status="PASS" start="2025-10-26T23:12:48.276786" elapsed="0.000419"/>
</kw>
<return>
<value>${username}</value>
<value>${password}</value>
<status status="PASS" start="2025-10-26T23:12:48.277301" elapsed="0.000165"/>
</return>
<msg time="2025-10-26T23:12:48.277730" level="INFO">${u} = testuserUJvCqGVp</msg>
<msg time="2025-10-26T23:12:48.277863" level="INFO">${p} = testpassUJvCqGVp</msg>
<var>${u}</var>
<var>${p}</var>
<status status="PASS" start="2025-10-26T23:12:48.275230" elapsed="0.002706"/>
</kw>
<kw name="Log To Console" owner="BuiltIn">
<arg>Using credentials: ${u} / ${p}</arg>
<doc>Logs the given message to the console.</doc>
<status status="PASS" start="2025-10-26T23:12:48.278480" elapsed="0.000467"/>
</kw>
<kw name="Sign Up">
<kw name="Wait Until Element Is Visible" owner="SeleniumLibrary">
<arg>xpath=//a[normalize-space(.)='Sign up']</arg>
<arg>${TIMEOUT}</arg>
<doc>Waits until the element ``locator`` is visible.</doc>
<status status="PASS" start="2025-10-26T23:12:48.279918" elapsed="0.045233"/>
</kw>
<kw name="Click Element" owner="SeleniumLibrary">
<msg time="2025-10-26T23:12:48.325695" level="INFO">Clicking element 'xpath=//a[normalize-space(.)='Sign up']'.</msg>
<arg>xpath=//a[normalize-space(.)='Sign up']</arg>
<doc>Click the element identified by ``locator``.</doc>
<status status="PASS" start="2025-10-26T23:12:48.325414" elapsed="0.056956"/>
</kw>
<kw name="Wait Until Element Is Visible" owner="SeleniumLibrary">
<arg>id=signInModal</arg>
<arg>${TIMEOUT}</arg>
<doc>Waits until the element ``locator`` is visible.</doc>
<status status="PASS" start="2025-10-26T23:12:48.382668" elapsed="0.232125"/>
</kw>
<kw name="Wait Until Element Is Visible" owner="SeleniumLibrary">
<arg>id=sign-username</arg>
<arg>${TIMEOUT}</arg>
<doc>Waits until the element ``locator`` is visible.</doc>
<status status="PASS" start="2025-10-26T23:12:48.615057" elapsed="0.024050"/>
</kw>
<kw name="Wait Until Element Is Visible" owner="SeleniumLibrary">
<arg>id=sign-password</arg>
<arg>${TIMEOUT}</arg>
<doc>Waits until the element ``locator`` is visible.</doc>
<status status="PASS" start="2025-10-26T23:12:48.639357" elapsed="0.012890"/>
</kw>
<kw name="Clear Element Text" owner="SeleniumLibrary">
<arg>id=sign-username</arg>
<doc>Clears the value of the text-input-element identified by ``locator``.</doc>
<status status="PASS" start="2025-10-26T23:12:48.652496" elapsed="0.027682"/>
</kw>
<kw name="Input Text" owner="SeleniumLibrary">
<msg time="2025-10-26T23:12:48.680728" level="INFO">Typing text 'testuserUJvCqGVp' into text field 'id=sign-username'.</msg>
<arg>id=sign-username</arg>
<arg>${username}</arg>
<doc>Types the given ``text`` into the text field identified by ``locator``.</doc>
<status status="PASS" start="2025-10-26T23:12:48.680426" elapsed="0.080935"/>
</kw>
<kw name="Clear Element Text" owner="SeleniumLibrary">
<arg>id=sign-password</arg>
<doc>Clears the value of the text-input-element identified by ``locator``.</doc>
<status status="PASS" start="2025-10-26T23:12:48.761616" elapsed="0.041112"/>
</kw>
<kw name="Input Text" owner="SeleniumLibrary">
<msg time="2025-10-26T23:12:48.803297" level="INFO">Typing text 'testpassUJvCqGVp' into text field 'id=sign-password'.</msg>
<arg>id=sign-password</arg>
<arg>${password}</arg>
<doc>Types the given ``text`` into the text field identified by ``locator``.</doc>
<status status="PASS" start="2025-10-26T23:12:48.802985" elapsed="0.065311"/>
</kw>
<kw name="Click Button" owner="SeleniumLibrary">
<msg time="2025-10-26T23:12:48.868842" level="INFO">Clicking button 'xpath=//div[@id='signInModal']//button[normalize-space(.)='Sign up']'.</msg>
<arg>xpath=//div[@id='signInModal']//button[normalize-space(.)='Sign up']</arg>
<doc>Clicks the button identified by ``locator``.</doc>
<status status="PASS" start="2025-10-26T23:12:48.868561" elapsed="0.065264"/>
</kw>
<kw name="Handle Alert" owner="SeleniumLibrary">
<msg time="2025-10-26T23:12:48.934739" level="INFO">HANDLE::&lt;class 'datetime.timedelta'&gt;::0:00:10</msg>
<msg time="2025-10-26T23:12:49.441780" level="INFO">${msg} = Sign up successful.</msg>
<var>${msg}</var>
<arg>action=ACCEPT</arg>
<arg>timeout=${TIMEOUT}</arg>
<doc>Handles the current alert and returns its message.</doc>
<status status="PASS" start="2025-10-26T23:12:48.934083" elapsed="0.507942"/>
</kw>
<kw name="Log" owner="BuiltIn">
<msg time="2025-10-26T23:12:49.442722" level="INFO">Sign-up alert: Sign up successful.</msg>
<arg>Sign-up alert: ${msg}</arg>
<doc>Logs the given message with the given level.</doc>
<status status="PASS" start="2025-10-26T23:12:49.442328" elapsed="0.000579"/>
</kw>
<kw name="Wait Until Keyword Succeeds" owner="BuiltIn">
<kw name="Run Keywords" owner="BuiltIn">
<kw name="Run Keyword And Ignore Error" owner="BuiltIn">
<kw name="Wait Until Element Is Not Visible" owner="SeleniumLibrary">
<arg>id=signInModal</arg>
<arg>${TIMEOUT}</arg>
<doc>Waits until the element ``locator`` is not visible.</doc>
<status status="PASS" start="2025-10-26T23:12:49.443785" elapsed="0.230259"/>
</kw>
<arg>Wait Until Element Is Not Visible</arg>
<arg>id=signInModal</arg>
<arg>${TIMEOUT}</arg>
<doc>Runs the given keyword with the given arguments and ignores possible error.</doc>
<status status="PASS" start="2025-10-26T23:12:49.443610" elapsed="0.230618"/>
</kw>
<kw name="Run Keyword And Ignore Error" owner="BuiltIn">
<kw name="Click Element" owner="SeleniumLibrary">
<msg time="2025-10-26T23:12:49.674873" level="INFO">Clicking element 'css=#signInModal .close'.</msg>
<msg time="2025-10-26T23:12:49.786837" level="INFO" html="true">&lt;/td&gt;&lt;/tr&gt;&lt;tr&gt;&lt;td colspan="3"&gt;&lt;a href="selenium-screenshot-79.png"&gt;&lt;img src="selenium-screenshot-79.png" width="800px"&gt;&lt;/a&gt;</msg>
<msg time="2025-10-26T23:12:49.787132" level="FAIL">ElementNotInteractableException: Message: element not interactable
  (Session info: chrome=141.0.7390.123); For documentation on this error, please visit: https://www.selenium.dev/documentation/webdriver/troubleshooting/errors#elementnotinteractableexception
Stacktrace:
	GetHandleVerifier [0x0x7ff6cab9e8e5+80021]
	GetHandleVerifier [0x0x7ff6cab9e940+80112]
	(No symbol) [0x0x7ff6ca920425]
	(No symbol) [0x0x7ff6ca979dc3]
	(No symbol) [0x0x7ff6ca96b7c8]
	(No symbol) [0x0x7ff6ca9a122a]
	(No symbol) [0x0x7ff6ca96b056]
	(No symbol) [0x0x7ff6ca9a1440]
	(No symbol) [0x0x7ff6ca9c968a]
	(No symbol) [0x0x7ff6ca9a1003]
	(No symbol) [0x0x7ff6ca9695d1]
	(No symbol) [0x0x7ff6ca96a3f3]
	GetHandleVerifier [0x0x7ff6cae5dc7d+2960429]
	GetHandleVerifier [0x0x7ff6cae57f3a+2936554]
	GetHandleVerifier [0x0x7ff6cae78977+3070247]
	GetHandleVerifier [0x0x7ff6cabb83ce+185214]
	GetHandleVerifier [0x0x7ff6cabbfe1f+216527]
	GetHandleVerifier [0x0x7ff6caba7b24+117460]
	GetHandleVerifier [0x0x7ff6caba7cdf+117903]
	GetHandleVerifier [0x0x7ff6cab8dbb8+11112]
	BaseThreadInitThunk [0x0x7ffa770d259d+29]
	RtlUserThreadStart [0x0x7ffa7822af78+40]
</msg>
<arg>css=#signInModal .close</arg>
<doc>Click the element identified by ``locator``.</doc>
<status status="FAIL" start="2025-10-26T23:12:49.674647" elapsed="0.116591">ElementNotInteractableException: Message: element not interactable
  (Session info: chrome=141.0.7390.123); For documentation on this error, please visit: https://www.selenium.dev/documentation/webdriver/troubleshooting/errors#elementnotinteractableexception
Stacktrace:
	GetHandleVerifier [0x0x7ff6cab9e8e5+80021]
	GetHandleVerifier [0x0x7ff6cab9e940+80112]
	(No symbol) [0x0x7ff6ca920425]
	(No symbol) [0x0x7ff6ca979dc3]
	(No symbol) [0x0x7ff6ca96b7c8]
	(No symbol) [0x0x7ff6ca9a122a]
	(No symbol) [0x0x7ff6ca96b056]
	(No symbol) [0x0x7ff6ca9a1440]
	(No symbol) [0x0x7ff6ca9c968a]
	(No symbol) [0x0x7ff6ca9a1003]
	(No symbol) [0x0x7ff6ca9695d1]
	(No symbol) [0x0x7ff6ca96a3f3]
	GetHandleVerifier [0x0x7ff6cae5dc7d+2960429]
	GetHandleVerifier [0x0x7ff6cae57f3a+2936554]
	GetHandleVerifier [0x0x7ff6cae78977+3070247]
	GetHandleVerifier [0x0x7ff6cabb83ce+185214]
	GetHandleVerifier [0x0x7ff6cabbfe1f+216527]
	GetHandleVerifier [0x0x7ff6caba7b24+117460]
	GetHandleVerifier [0x0x7ff6caba7cdf+117903]
	GetHandleVerifier [0x0x7ff6cab8dbb8+11112]
	BaseThreadInitThunk [0x0x7ffa770d259d+29]
	RtlUserThreadStart [0x0x7ffa7822af78+40]
</status>
</kw>
<arg>Click Element</arg>
<arg>css=#signInModal .close</arg>
<doc>Runs the given keyword with the given arguments and ignores possible error.</doc>
<status status="PASS" start="2025-10-26T23:12:49.674419" elapsed="0.117019"/>
</kw>
<arg>Run Keyword And Ignore Error</arg>
<arg>Wait Until Element Is Not Visible</arg>
<arg>id=signInModal</arg>
<arg>${TIMEOUT}</arg>
<arg>AND</arg>
<arg>Run Keyword And Ignore Error</arg>
<arg>Click Element</arg>
<arg>css=#signInModal .close</arg>
<doc>Executes all the given keywords in a sequence.</doc>
<status status="PASS" start="2025-10-26T23:12:49.443403" elapsed="0.348130"/>
</kw>
<arg>3x</arg>
<arg>1s</arg>
<arg>Run Keywords</arg>
<arg>Run Keyword And Ignore Error</arg>
<arg>Wait Until Element Is Not Visible</arg>
<arg>id=signInModal</arg>
<arg>${TIMEOUT}</arg>
<arg>AND</arg>
<arg>Run Keyword And Ignore Error</arg>
<arg>Click Element</arg>
<arg>css=#signInModal .close</arg>
<doc>Runs the specified keyword and retries if it fails.</doc>
<status status="PASS" start="2025-10-26T23:12:49.443081" elapsed="0.348546"/>
</kw>
<kw name="Should Be Equal As Strings" owner="BuiltIn">
<arg>${msg}</arg>
<arg>Sign up successful.</arg>
<doc>Fails if objects are unequal after converting them to strings.</doc>
<status status="PASS" start="2025-10-26T23:12:49.791787" elapsed="0.000280"/>
</kw>
<arg>${u}</arg>
<arg>${p}</arg>
<status status="PASS" start="2025-10-26T23:12:48.279538" elapsed="1.512649"/>
</kw>
<kw name="Wait Until Element Is Not Visible" owner="SeleniumLibrary">
<arg>id=signInModal</arg>
<arg>${TIMEOUT}</arg>
<doc>Waits until the element ``locator`` is not visible.</doc>
<status status="PASS" start="2025-10-26T23:12:49.792543" elapsed="0.011169"/>
</kw>
<kw name="Login">
<kw name="Wait Until Element Is Visible" owner="SeleniumLibrary">
<arg>xpath=//a[normalize-space(.)='Log in']</arg>
<arg>${TIMEOUT}</arg>
<doc>Waits until the element ``locator`` is visible.</doc>
<status status="PASS" start="2025-10-26T23:12:49.804575" elapsed="0.014271"/>
</kw>
<kw name="Click Element" owner="SeleniumLibrary">
<msg time="2025-10-26T23:12:49.819368" level="INFO">Clicking element 'xpath=//a[normalize-space(.)='Log in']'.</msg>
<arg>xpath=//a[normalize-space(.)='Log in']</arg>
<doc>Click the element identified by ``locator``.</doc>
<status status="PASS" start="2025-10-26T23:12:49.819103" elapsed="0.046410"/>
</kw>
<kw name="Wait Until Element Is Visible" owner="SeleniumLibrary">
<arg>id=logInModal</arg>
<arg>${TIMEOUT}</arg>
<doc>Waits until the element ``locator`` is visible.</doc>
<status status="PASS" start="2025-10-26T23:12:49.865801" elapsed="0.227761"/>
</kw>
<kw name="Input Text" owner="SeleniumLibrary">
<msg time="2025-10-26T23:12:50.094150" level="INFO">Typing text 'testuserUJvCqGVp' into text field 'id=loginusername'.</msg>
<arg>id=loginusername</arg>
<arg>${username}</arg>
<doc>Types the given ``text`` into the text field identified by ``locator``.</doc>
<status status="PASS" start="2025-10-26T23:12:50.093828" elapsed="0.064791"/>
</kw>
<kw name="Input Text" owner="SeleniumLibrary">
<msg time="2025-10-26T23:12:50.159177" level="INFO">Typing text 'testpassUJvCqGVp' into text field 'id=loginpassword'.</msg>
<arg>id=loginpassword</arg>
<arg>${password}</arg>
<doc>Types the given ``text`` into the text field identified by ``locator``.</doc>
<status status="PASS" start="2025-10-26T23:12:50.158877" elapsed="0.061368"/>
</kw>
<kw name="Click Button" owner="SeleniumLibrary">
<msg time="2025-10-26T23:12:50.220772" level="INFO">Clicking button 'xpath=//div[@id='logInModal']//button[normalize-space(.)='Log in']'.</msg>
<arg>xpath=//div[@id='logInModal']//button[normalize-space(.)='Log in']</arg>
<doc>Clicks the button identified by ``locator``.</doc>
<status status="PASS" start="2025-10-26T23:12:50.220503" elapsed="0.061776"/>
</kw>
<kw name="Wait Until Element Is Not Visible" owner="SeleniumLibrary">
<arg>id=logInModal</arg>
<arg>${TIMEOUT}</arg>
<doc>Waits until the element ``locator`` is not visible.</doc>
<status status="PASS" start="2025-10-26T23:12:50.282697" elapsed="0.555994"/>
</kw>
<kw name="Wait Until Element Is Visible" owner="SeleniumLibrary">
<arg>id=nameofuser</arg>
<arg>${TIMEOUT}</arg>
<doc>Waits until the element ``locator`` is visible.</doc>
<status status="PASS" start="2025-10-26T23:12:50.838952" elapsed="0.437319"/>
</kw>
<kw name="Get Text" owner="SeleniumLibrary">
<msg time="2025-10-26T23:12:51.294420" level="INFO">${user} = Welcome testuserUJvCqGVp</msg>
<var>${user}</var>
<arg>id=nameofuser</arg>
<doc>Returns the text value of the element identified by ``locator``.</doc>
<status status="PASS" start="2025-10-26T23:12:51.276527" elapsed="0.018070"/>
</kw>
<kw name="Should Contain" owner="BuiltIn">
<arg>${user}</arg>
<arg>${username}</arg>
<doc>Fails if ``container`` does not contain ``item`` one or more times.</doc>
<status status="PASS" start="2025-10-26T23:12:51.294780" elapsed="0.000241"/>
</kw>
<arg>${u}</arg>
<arg>${p}</arg>
<status status="PASS" start="2025-10-26T23:12:49.804180" elapsed="1.490949"/>
</kw>
<kw name="Add Product To Cart">
<kw name="Click Element" owner="SeleniumLibrary">
<msg time="2025-10-26T23:12:51.296080" level="INFO">Clicking element 'xpath=//a[@class='navbar-brand' and normalize-space(.)='PRODUCT STORE']'.</msg>
<arg>xpath=//a[@class='navbar-brand' and normalize-space(.)='PRODUCT STORE']</arg>
<doc>Click the element identified by ``locator``.</doc>
<status status="PASS" start="2025-10-26T23:12:51.295870" elapsed="0.251904"/>
</kw>
<kw name="Click Element" owner="SeleniumLibrary">
<msg time="2025-10-26T23:12:51.548303" level="INFO">Clicking element 'xpath=//a[normalize-space(.)='Laptops']'.</msg>
<arg>xpath=//a[normalize-space(.)='Laptops']</arg>
<doc>Click the element identified by ``locator``.</doc>
<status status="PASS" start="2025-10-26T23:12:51.548036" elapsed="0.070655"/>
</kw>
<kw name="Wait Until Element Is Visible" owner="SeleniumLibrary">
<arg>xpath=//a[normalize-space(.)='${product}']</arg>
<arg>${TIMEOUT}</arg>
<doc>Waits until the element ``locator`` is visible.</doc>
<status status="PASS" start="2025-10-26T23:12:51.618978" elapsed="0.227516"/>
</kw>
<kw name="Sleep" owner="BuiltIn">
<msg time="2025-10-26T23:12:52.847496" level="INFO">Slept 1 second.</msg>
<arg>1s</arg>
<doc>Pauses the test executed for the given time.</doc>
<status status="PASS" start="2025-10-26T23:12:51.846738" elapsed="1.001008"/>
</kw>
<kw name="Click Element" owner="SeleniumLibrary">
<msg time="2025-10-26T23:12:52.848249" level="INFO">Clicking element 'xpath=//a[normalize-space(.)='Sony vaio i5']'.</msg>
<arg>xpath=//a[normalize-space(.)='${product}']</arg>
<doc>Click the element identified by ``locator``.</doc>
<status status="PASS" start="2025-10-26T23:12:52.847947" elapsed="0.375993"/>
</kw>
<kw name="Wait Until Element Is Visible" owner="SeleniumLibrary">
<arg>xpath=//a[normalize-space(.)='Add to cart']</arg>
<arg>${TIMEOUT}</arg>
<doc>Waits until the element ``locator`` is visible.</doc>
<status status="PASS" start="2025-10-26T23:12:53.224201" elapsed="0.446811"/>
</kw>
<kw name="Click Element" owner="SeleniumLibrary">
<msg time="2025-10-26T23:12:53.671548" level="INFO">Clicking element 'xpath=//a[normalize-space(.)='Add to cart']'.</msg>
<arg>xpath=//a[normalize-space(.)='Add to cart']</arg>
<doc>Click the element identified by ``locator``.</doc>
<status status="PASS" start="2025-10-26T23:12:53.671279" elapsed="0.047345"/>
</kw>
<kw name="Handle Alert" owner="SeleniumLibrary">
<msg time="2025-10-26T23:12:53.719209" level="INFO">HANDLE::&lt;class 'datetime.timedelta'&gt;::0:00:10</msg>
<msg time="2025-10-26T23:12:54.228822" level="INFO">${cart_msg} = Product added.</msg>
<var>${cart_msg}</var>
<arg>action=ACCEPT</arg>
<arg>timeout=${TIMEOUT}</arg>
<doc>Handles the current alert and returns its message.</doc>
<status status="PASS" start="2025-10-26T23:12:53.718882" elapsed="0.510102"/>
</kw>
<kw name="Log" owner="BuiltIn">
<msg time="2025-10-26T23:12:54.229395" level="INFO">Add-to-cart alert: Product added.</msg>
<arg>Add-to-cart alert: ${cart_msg}</arg>
<doc>Logs the given message with the given level.</doc>
<status status="PASS" start="2025-10-26T23:12:54.229175" elapsed="0.000332"/>
</kw>
<arg>Sony vaio i5</arg>
<status status="PASS" start="2025-10-26T23:12:51.295545" elapsed="2.934066"/>
</kw>
<kw name="Place Order">
<kw name="Click Element" owner="SeleniumLibrary">
<msg time="2025-10-26T23:12:54.230718" level="INFO">Clicking element 'xpath=//a[normalize-space(.)='Cart']'.</msg>
<arg>xpath=//a[normalize-space(.)='Cart']</arg>
<doc>Click the element identified by ``locator``.</doc>
<status status="PASS" start="2025-10-26T23:12:54.230489" elapsed="0.409615"/>
</kw>
<kw name="Wait Until Page Contains Element" owner="SeleniumLibrary">
<arg>xpath=//button[normalize-space(.)='Place Order']</arg>
<arg>${TIMEOUT}</arg>
<doc>Waits until the element ``locator`` appears on the current page.</doc>
<status status="PASS" start="2025-10-26T23:12:54.640371" elapsed="0.028365"/>
</kw>
<kw name="Click Element" owner="SeleniumLibrary">
<msg time="2025-10-26T23:12:54.669269" level="INFO">Clicking element 'xpath=//button[normalize-space(.)='Place Order']'.</msg>
<arg>xpath=//button[normalize-space(.)='Place Order']</arg>
<doc>Click the element identified by ``locator``.</doc>
<status status="PASS" start="2025-10-26T23:12:54.669005" elapsed="0.052384"/>
</kw>
<kw name="Wait Until Element Is Visible" owner="SeleniumLibrary">
<arg>id=name</arg>
<arg>${TIMEOUT}</arg>
<doc>Waits until the element ``locator`` is visible.</doc>
<status status="PASS" start="2025-10-26T23:12:54.721644" elapsed="0.233046"/>
</kw>
<kw name="Input Text" owner="SeleniumLibrary">
<msg time="2025-10-26T23:12:54.955227" level="INFO">Typing text 'Ada Lovelace' into text field 'id=name'.</msg>
<arg>id=name</arg>
<arg>Ada Lovelace</arg>
<doc>Types the given ``text`` into the text field identified by ``locator``.</doc>
<status status="PASS" start="2025-10-26T23:12:54.954955" elapsed="0.055653"/>
</kw>
<kw name="Input Text" owner="SeleniumLibrary">
<msg time="2025-10-26T23:12:55.011141" level="INFO">Typing text 'UK' into text field 'id=country'.</msg>
<arg>id=country</arg>
<arg>UK</arg>
<doc>Types the given ``text`` into the text field identified by ``locator``.</doc>
<status status="PASS" start="2025-10-26T23:12:55.010865" elapsed="0.056327"/>
</kw>
<kw name="Input Text" owner="SeleniumLibrary">
<msg time="2025-10-26T23:12:55.067766" level="INFO">Typing text 'London' into text field 'id=city'.</msg>
<arg>id=city</arg>
<arg>London</arg>
<doc>Types the given ``text`` into the text field identified by ``locator``.</doc>
<status status="PASS" start="2025-10-26T23:12:55.067468" elapsed="0.055810"/>
</kw>
<kw name="Input Text" owner="SeleniumLibrary">
<msg time="2025-10-26T23:12:55.123815" level="INFO">Typing text '4111111111111111' into text field 'id=card'.</msg>
<arg>id=card</arg>
<arg>4111111111111111</arg>
<doc>Types the given ``text`` into the text field identified by ``locator``.</doc>
<status status="PASS" start="2025-10-26T23:12:55.123536" elapsed="0.062367"/>
</kw>
<kw name="Input Text" owner="SeleniumLibrary">
<msg time="2025-10-26T23:12:55.186459" level="INFO">Typing text '12' into text field 'id=month'.</msg>
<arg>id=month</arg>
<arg>12</arg>
<doc>Types the given ``text`` into the text field identified by ``locator``.</doc>
<status status="PASS" start="2025-10-26T23:12:55.186171" elapsed="0.051814"/>
</kw>
<kw name="Input Text" owner="SeleniumLibrary">
<msg time="2025-10-26T23:12:55.238523" level="INFO">Typing text '2030' into text field 'id=year'.</msg>
<arg>id=year</arg>
<arg>2030</arg>
<doc>Types the given ``text`` into the text field identified by ``locator``.</doc>
<status status="PASS" start="2025-10-26T23:12:55.238246" elapsed="0.075340"/>
</kw>
<kw name="Click Element" owner="SeleniumLibrary">
<msg time="2025-10-26T23:12:55.314242" level="INFO">Clicking element 'xpath=//button[normalize-space(.)='Purchase']'.</msg>
<arg>xpath=//button[normalize-space(.)='Purchase']</arg>
<doc>Click the element identified by ``locator``.</doc>
<status status="PASS" start="2025-10-26T23:12:55.313950" elapsed="0.059487"/>
</kw>
<kw name="Run Keyword And Return Status" owner="BuiltIn">
<kw name="Handle Alert" owner="SeleniumLibrary">
<msg time="2025-10-26T23:12:55.374205" level="INFO">HANDLE::&lt;class 'datetime.timedelta'&gt;::0:00:03</msg>
<msg time="2025-10-26T23:12:58.457189" level="INFO" html="true">&lt;/td&gt;&lt;/tr&gt;&lt;tr&gt;&lt;td colspan="3"&gt;&lt;a href="selenium-screenshot-80.png"&gt;&lt;img src="selenium-screenshot-80.png" width="800px"&gt;&lt;/a&gt;</msg>
<msg time="2025-10-26T23:12:58.457448" level="FAIL">Alert not found in 3 seconds.</msg>
<arg>action=ACCEPT</arg>
<arg>timeout=3</arg>
<doc>Handles the current alert and returns its message.</doc>
<status status="FAIL" start="2025-10-26T23:12:55.373972" elapsed="3.085713">Alert not found in 3 seconds.</status>
</kw>
<msg time="2025-10-26T23:12:58.459922" level="INFO">${alert_present} = False</msg>
<var>${alert_present}</var>
<arg>Handle Alert</arg>
<arg>action=ACCEPT</arg>
<arg>timeout=3</arg>
<doc>Runs the given keyword with given arguments and returns the status as a Boolean value.</doc>
<status status="PASS" start="2025-10-26T23:12:55.373703" elapsed="3.086308"/>
</kw>
<kw name="Run Keyword If" owner="BuiltIn">
<arg>${alert_present}</arg>
<arg>Log</arg>
<arg>Order failed due to missing required fields.</arg>
<arg>WARN</arg>
<doc>Runs the given keyword with the given arguments, if ``condition`` is true.</doc>
<status status="PASS" start="2025-10-26T23:12:58.460184" elapsed="0.000220"/>
</kw>
<kw name="Wait Until Element Is Visible" owner="SeleniumLibrary">
<arg>css=.sweet-alert p</arg>
<arg>${TIMEOUT}</arg>
<doc>Waits until the element ``locator`` is visible.</doc>
<status status="PASS" start="2025-10-26T23:12:58.460555" elapsed="0.015095"/>
</kw>
<kw name="Get Text" owner="SeleniumLibrary">
<msg time="2025-10-26T23:12:58.488101" level="INFO">${amount} = Id: 8398516
Amount: 790 USD
Card Number: 4111111111
Name: Ada Lovelace
Date: 26/9/2025</msg>
<var>${amount}</var>
<arg>css=.sweet-alert p</arg>
<doc>Returns the text value of the element identified by ``locator``.</doc>
<status status="PASS" start="2025-10-26T23:12:58.475911" elapsed="0.012361"/>
</kw>
<kw name="Should Contain" owner="BuiltIn">
<arg>${amount}</arg>
<arg>Amount</arg>
<doc>Fails if ``container`` does not contain ``item`` one or more times.</doc>
<status status="PASS" start="2025-10-26T23:12:58.488458" elapsed="0.000232"/>
</kw>
<kw name="Click Element" owner="SeleniumLibrary">
<msg time="2025-10-26T23:12:58.489024" level="INFO">Clicking element 'xpath=//button[normalize-space(.)='OK']'.</msg>
<arg>xpath=//button[normalize-space(.)='OK']</arg>
<doc>Click the element identified by ``locator``.</doc>
<status status="PASS" start="2025-10-26T23:12:58.488827" elapsed="0.231313"/>
</kw>
<status status="PASS" start="2025-10-26T23:12:54.230165" elapsed="4.490177"/>
</kw>
<kw name="Logout">
<kw name="Run Keyword And Ignore Error" owner="BuiltIn">
<kw name="Click Element" owner="SeleniumLibrary">
<msg time="2025-10-26T23:12:58.721431" level="INFO">Clicking element 'css=.modal.show .close'.</msg>
<msg time="2025-10-26T23:12:58.838409" level="INFO" html="true">&lt;/td&gt;&lt;/tr&gt;&lt;tr&gt;&lt;td colspan="3"&gt;&lt;a href="selenium-screenshot-81.png"&gt;&lt;img src="selenium-screenshot-81.png" width="800px"&gt;&lt;/a&gt;</msg>
<msg time="2025-10-26T23:12:58.838655" level="FAIL">Element with locator 'css=.modal.show .close' not found.</msg>
<arg>css=.modal.show .close</arg>
<doc>Click the element identified by ``locator``.</doc>
<status status="FAIL" start="2025-10-26T23:12:58.721234" elapsed="0.119548">Element with locator 'css=.modal.show .close' not found.</status>
</kw>
<arg>Click Element</arg>
<arg>css=.modal.show .close</arg>
<doc>Runs the given keyword with the given arguments and ignores possible error.</doc>
<status status="PASS" start="2025-10-26T23:12:58.721044" elapsed="0.119933"/>
</kw>
<kw name="Wait Until Element Is Not Visible" owner="SeleniumLibrary">
<arg>css=.modal.show</arg>
<arg>${TIMEOUT}</arg>
<doc>Waits until the element ``locator`` is not visible.</doc>
<status status="PASS" start="2025-10-26T23:12:58.841152" elapsed="0.009226"/>
</kw>
<kw name="Wait Until Element Is Visible" owner="SeleniumLibrary">
<arg>xpath=//a[normalize-space(.)='Log out']</arg>
<arg>${TIMEOUT}</arg>
<doc>Waits until the element ``locator`` is visible.</doc>
<status status="PASS" start="2025-10-26T23:12:58.850646" elapsed="0.467304"/>
</kw>
<kw name="Wait Until Element Is Enabled" owner="SeleniumLibrary">
<arg>xpath=//a[normalize-space(.)='Log out']</arg>
<arg>${TIMEOUT}</arg>
<doc>Waits until the element ``locator`` is enabled.</doc>
<status status="PASS" start="2025-10-26T23:12:59.318214" elapsed="0.021942"/>
</kw>
<kw name="Sleep" owner="BuiltIn">
<msg time="2025-10-26T23:13:00.341363" level="INFO">Slept 1 second.</msg>
<arg>1s</arg>
<doc>Pauses the test executed for the given time.</doc>
<status status="PASS" start="2025-10-26T23:12:59.340509" elapsed="1.001167"/>
</kw>
<kw name="Click Element" owner="SeleniumLibrary">
<msg time="2025-10-26T23:13:00.342410" level="INFO">Clicking element 'xpath=//a[normalize-space(.)='Log out']'.</msg>
<arg>xpath=//a[normalize-space(.)='Log out']</arg>
<doc>Click the element identified by ``locator``.</doc>
<status status="PASS" start="2025-10-26T23:13:00.341976" elapsed="0.079654"/>
</kw>
<kw name="Wait Until Element Is Visible" owner="SeleniumLibrary">
<arg>xpath=//a[normalize-space(.)='Log in']</arg>
<arg>${TIMEOUT}</arg>
<doc>Waits until the element ``locator`` is visible.</doc>
<status status="PASS" start="2025-10-26T23:13:00.421891" elapsed="0.023656"/>
</kw>
<status status="PASS" start="2025-10-26T23:12:58.720733" elapsed="1.725015"/>
</kw>
<kw name="Close Browser" owner="SeleniumLibrary">
<doc>Closes the current browser.</doc>
<status status="PASS" start="2025-10-26T23:13:00.446166" elapsed="2.244736"/>
</kw>
<status status="PASS" start="2025-10-26T23:12:46.133465" elapsed="16.558327"/>
</test>
<status status="PASS" start="2025-10-26T23:12:45.818678" elapsed="16.875285"/>
</suite>
<statistics>
<total>
<stat pass="1" fail="0" skip="0">All Tests</stat>
</total>
<tag>
</tag>
<suite>
<stat name="Demoblaze E2E" id="s1" pass="1" fail="0" skip="0">Demoblaze E2E</stat>
</suite>
</statistics>
<errors>
<msg time="2025-10-26T23:12:45.788498" level="WARN">Error in file 'c:\KSS_Github_Personal\RobotFramwork_Seleniumbased_Project\tests\demoblaze_e2e.robot' on line 23: The '[Return]' setting is deprecated. Use the 'RETURN' statement instead.</msg>
</errors>
</robot>
